pysimplesoap.__version__ =  1.03f
LOG:  Conectando a wsdl=https://servicios1.afip.gov.ar/wsfev1/service.asmx?WSDL cache=C:\pyafipws_prod\cache proxy={}

wsfev1.client.help: FECAESolicitar(Auth=*{u'Token': <type 'unicode'>, u'Sign': <type 'unicode'>, u'Cuit': <type 'long'>}*, FeCAEReq=*{u'FeCabReq': *{u'CantReg': <type 'int'>, u'PtoVta': <type 'int'>, u'CbteTipo': <type 'int'>}*, u'FeDetReq': [*{u'FECAEDetRequest': *{u'Concepto': <type 'int'>, u'DocTipo': <type 'int'>, u'DocNro': <type 'long'>, u'CbteDesde': <type 'long'>, u'CbteHasta': <type 'long'>, u'CbteFch': <type 'unicode'>, u'ImpTotal': <alias 'double' for '<type 'float'>'>, u'ImpTotConc': <alias 'double' for '<type 'float'>'>, u'ImpNeto': <alias 'double' for '<type 'float'>'>, u'ImpOpEx': <alias 'double' for '<type 'float'>'>, u'ImpTrib': <alias 'double' for '<type 'float'>'>, u'ImpIVA': <alias 'double' for '<type 'float'>'>, u'FchServDesde': <type 'unicode'>, u'FchServHasta': <type 'unicode'>, u'FchVtoPago': <type 'unicode'>, u'MonId': <type 'unicode'>, u'MonCotiz': <alias 'double' for '<type 'float'>'>, u'CbtesAsoc': [*{u'CbteAsoc': *{u'Tipo': <type 'int'>, u'PtoVta': <type 'int'>, u'Nro': <type 'long'>}*}*], u'Tributos': [*{u'Tributo': *{u'Id': <alias 'short' for '<type 'int'>'>, u'Desc': <type 'unicode'>, u'BaseImp': <alias 'double' for '<type 'float'>'>, u'Alic': <alias 'double' for '<type 'float'>'>, u'Importe': <alias 'double' for '<type 'float'>'>}*}*], u'Iva': [*{u'AlicIva': *{u'Id': <type 'int'>, u'BaseImp': <alias 'double' for '<type 'float'>'>, u'Importe': <alias 'double' for '<type 'float'>'>}*}*], u'Opcionales': [*{u'Opcional': *{u'Id': <type 'unicode'>, u'Valor': <type 'unicode'>}*}*]}*}*]}*)
 -> **{u'FECAESolicitarResult': *{u'FeCabResp': *{u'Cuit': <type 'long'>, u'PtoVta': <type 'int'>, u'CbteTipo': <type 'int'>, u'FchProceso': <type 'unicode'>, u'CantReg': <type 'int'>, u'Resultado': <type 'unicode'>, u'Reproceso': <type 'unicode'>}*, u'FeDetResp': [*{u'FECAEDetResponse': *{u'Concepto': <type 'int'>, u'DocTipo': <type 'int'>, u'DocNro': <type 'long'>, u'CbteDesde': <type 'long'>, u'CbteHasta': <type 'long'>, u'CbteFch': <type 'unicode'>, u'Resultado': <type 'unicode'>, u'Observaciones': [*{u'Obs': *{u'Code': <type 'int'>, u'Msg': <type 'unicode'>}*}*], u'CAE': <type 'unicode'>, u'CAEFchVto': <type 'unicode'>}*}*], u'Events': [*{u'Evt': *{u'Code': <type 'int'>, u'Msg': <type 'unicode'>}*}*], u'Errors': [*{u'Err': *{u'Code': <type 'int'>, u'Msg': <type 'unicode'>}*}*]}*}**:

Solicitud de Código de Autorización Electrónico (CAE)
ult_cbte_nro 16
imp_total 1.21
imp_neto 1.0
imp_iva 0.21
Resultado A
Reproceso 
CAE 61269651730778
t0 1309469572.56
t1 1309469572.95
lapso 0.391000032425
61269651730778 == 61269651730778
2 == 2
None != 10063
salida: A:61269651730778:17:None:20110630 
El archivo salida.txt se ha generado correctamente.
